<?xml version="1.0" encoding="utf-8"?><testsuites name="pytest tests"><testsuite name="pytest" errors="0" failures="0" skipped="0" tests="10" time="6.342" timestamp="2026-05-10T03:03:13.292217+00:00" hostname="agent-env-98ea7e36-503a-4ed8-a1c5-8dfd9e3ece1c"><testcase classname="backend.tests.test_atlas_vex_v3.TestChat" name="test_chat_empty_message_422" time="0.331" /><testcase classname="backend.tests.test_atlas_vex_v3.TestChat" name="test_chat_missing_fields_422" time="0.054" /><testcase classname="backend.tests.test_atlas_vex_v3.TestChat" name="test_chat_send_message_returns_atlas_vex_reply" time="4.287" /><testcase classname="backend.tests.test_atlas_vex_v3.TestChat" name="test_chat_history_returns_messages" time="0.069" /><testcase classname="backend.tests.test_atlas_vex_v3.TestChat" name="test_chat_history_unknown_session_empty" time="0.060" /><testcase classname="backend.tests.test_atlas_vex_v3.TestGithubRepos" name="test_github_repos_returns_list" time="0.731" /><testcase classname="backend.tests.test_atlas_vex_v3.TestRegression" name="test_root" time="0.081" /><testcase classname="backend.tests.test_atlas_vex_v3.TestRegression" name="test_contact_create" time="0.072" /><testcase classname="backend.tests.test_atlas_vex_v3.TestRegression" name="test_newsletter_create" time="0.058" /><testcase classname="backend.tests.test_atlas_vex_v3.TestRegression" name="test_telemetry" time="0.058" /></testsuite></testsuites>