<?xml version="1.0" encoding="utf-8"?><testsuites name="pytest tests"><testsuite name="pytest" errors="0" failures="0" skipped="0" tests="13" time="4.322" timestamp="2026-05-10T03:29:26.373145+00:00" hostname="agent-env-98ea7e36-503a-4ed8-a1c5-8dfd9e3ece1c"><testcase classname="backend.tests.test_atlas_vex_v4.TestIntake" name="test_intake_full_payload_creates_record" time="0.683" /><testcase classname="backend.tests.test_atlas_vex_v4.TestIntake" name="test_intake_minimal_payload_optional_fields" time="0.058" /><testcase classname="backend.tests.test_atlas_vex_v4.TestIntake" name="test_intake_mirrors_into_contact_messages" time="0.416" /><testcase classname="backend.tests.test_atlas_vex_v4.TestIntake" name="test_intake_missing_required_field_422" time="0.056" /><testcase classname="backend.tests.test_atlas_vex_v4.TestIntake" name="test_intake_missing_session_id_422" time="0.424" /><testcase classname="backend.tests.test_atlas_vex_v4.TestIntake" name="test_intake_invalid_email_422" time="0.056" /><testcase classname="backend.tests.test_atlas_vex_v4.TestIntake" name="test_intake_empty_required_field_422" time="0.049" /><testcase classname="backend.tests.test_atlas_vex_v4.TestRegression" name="test_root" time="0.051" /><testcase classname="backend.tests.test_atlas_vex_v4.TestRegression" name="test_contact_create" time="0.053" /><testcase classname="backend.tests.test_atlas_vex_v4.TestRegression" name="test_newsletter_create" time="0.072" /><testcase classname="backend.tests.test_atlas_vex_v4.TestRegression" name="test_telemetry" time="0.048" /><testcase classname="backend.tests.test_atlas_vex_v4.TestRegression" name="test_github_repos" time="0.066" /><testcase classname="backend.tests.test_atlas_vex_v4.TestRegression" name="test_chat_smoke_one_call" time="1.685" /></testsuite></testsuites>