<?xml version="1.0" encoding="utf-8"?><testsuites name="pytest tests"><testsuite name="pytest" errors="0" failures="0" skipped="0" tests="12" time="1.322" timestamp="2026-05-10T02:48:36.362385+00:00" hostname="agent-env-98ea7e36-503a-4ed8-a1c5-8dfd9e3ece1c"><testcase classname="backend.tests.test_atlas_vex_api.TestRoot" name="test_root_returns_service_info" time="0.327" /><testcase classname="backend.tests.test_atlas_vex_api.TestContact" name="test_create_contact_success" time="0.075" /><testcase classname="backend.tests.test_atlas_vex_api.TestContact" name="test_create_contact_no_subject" time="0.054" /><testcase classname="backend.tests.test_atlas_vex_api.TestContact" name="test_create_contact_invalid_email" time="0.047" /><testcase classname="backend.tests.test_atlas_vex_api.TestContact" name="test_create_contact_missing_fields" time="0.090" /><testcase classname="backend.tests.test_atlas_vex_api.TestContact" name="test_create_contact_empty_strings" time="0.049" /><testcase classname="backend.tests.test_atlas_vex_api.TestContact" name="test_list_contacts" time="0.048" /><testcase classname="backend.tests.test_atlas_vex_api.TestNewsletter" name="test_subscribe_valid_email" time="0.049" /><testcase classname="backend.tests.test_atlas_vex_api.TestNewsletter" name="test_subscribe_idempotent" time="0.094" /><testcase classname="backend.tests.test_atlas_vex_api.TestNewsletter" name="test_subscribe_invalid_email" time="0.049" /><testcase classname="backend.tests.test_atlas_vex_api.TestNewsletter" name="test_subscribe_missing_email" time="0.043" /><testcase classname="backend.tests.test_atlas_vex_api.TestTelemetry" name="test_telemetry_shape" time="0.043" /></testsuite></testsuites>