<?xml version="1.0" encoding="utf-8"?><testsuites name="pytest tests"><testsuite name="pytest" errors="0" failures="0" skipped="0" tests="8" time="1.232" timestamp="2026-05-10T01:21:46.905782+00:00" hostname="agent-env-98ea7e36-503a-4ed8-a1c5-8dfd9e3ece1c"><testcase classname="backend.tests.test_atlas_vex_api.TestRoot" name="test_root_returns_service_info" time="0.317" /><testcase classname="backend.tests.test_atlas_vex_api.TestContact" name="test_create_contact_success" time="0.112" /><testcase classname="backend.tests.test_atlas_vex_api.TestContact" name="test_create_contact_no_subject" time="0.055" /><testcase classname="backend.tests.test_atlas_vex_api.TestContact" name="test_create_contact_invalid_email" time="0.059" /><testcase classname="backend.tests.test_atlas_vex_api.TestContact" name="test_create_contact_missing_fields" time="0.053" /><testcase classname="backend.tests.test_atlas_vex_api.TestContact" name="test_create_contact_empty_strings" time="0.073" /><testcase classname="backend.tests.test_atlas_vex_api.TestContact" name="test_list_contacts" time="0.065" /><testcase classname="backend.tests.test_atlas_vex_api.TestTelemetry" name="test_telemetry_shape" time="0.053" /></testsuite></testsuites>